0 info it worked if it ends with ok
1 verbose cli [ '/usr/bin/node', '/usr/bin/npm', 'init' ]
2 info using npm@3.5.2
3 info using node@v8.10.0
4 silly package data { name: 'site-academia',
4 silly package data   version: '1.0.0',
4 silly package data   description: '"Projeto de vendas site de acedemia"',
4 silly package data   main: 'index.js',
4 silly package data   scripts: { test: 'echo "Error: no test specified" && exit 1' },
4 silly package data   author: 'Kennety Anderson e Bruno Barbosa',
4 silly package data   license: 'ISC',
4 silly package data   devDependencies: { sass: '^1.14.3' },
4 silly package data   dependencies:
4 silly package data    { 'body-parser': '^1.18.3',
4 silly package data      colors: '^1.3.2',
4 silly package data      express: '^4.16.4',
4 silly package data      hbs: '^4.0.1',
4 silly package data      mongoose: '^5.3.10',
4 silly package data      nodemon: '^1.18.6',
4 silly package data      path: '^0.12.7',
4 silly package data      sass: '^1.14.3' },
4 silly package data   repository:
4 silly package data    { type: 'git',
4 silly package data      url: 'git+https://github.com/kennety-anderson/site-academia-nodejs-express.git' },
4 silly package data   bugs:
4 silly package data    { url: 'https://github.com/kennety-anderson/site-academia-nodejs-express/issues' },
4 silly package data   homepage: 'https://github.com/kennety-anderson/site-academia-nodejs-express#readme' }
5 info init written successfully
6 verbose stack Error: EACCES: permission denied, open '/home/kennety/Imagens/projvenda/package.json'
7 verbose cwd /home/kennety/Imagens/projvenda
8 error Linux 4.15.0-36-generic
9 error argv "/usr/bin/node" "/usr/bin/npm" "init"
10 error node v8.10.0
11 error npm  v3.5.2
12 error path /home/kennety/Imagens/projvenda/package.json
13 error code EACCES
14 error errno -13
15 error syscall open
16 error Error: EACCES: permission denied, open '/home/kennety/Imagens/projvenda/package.json'
16 error  { Error: EACCES: permission denied, open '/home/kennety/Imagens/projvenda/package.json'
16 error   errno: -13,
16 error   code: 'EACCES',
16 error   syscall: 'open',
16 error   path: '/home/kennety/Imagens/projvenda/package.json' }
17 error Please try running this command again as root/Administrator.
18 verbose exit [ -13, true ]
